<?xml version="1.0" encoding="UTF-8"?>
<!-- Generated by org.testng.reporters.JUnitReportReporter -->
<testsuite skipped="0" hostname="W7P-QAT-SUN" name="com.learnautomation.testcases.TestcasewithoutFramework" tests="1" failures="0" timestamp="19 May 2021 14:25:44 GMT" time="29.510" errors="0">
  <testcase name="test1" time="29.510" classname="com.learnautomation.testcases.TestcasewithoutFramework"/>
</testsuite> <!-- com.learnautomation.testcases.TestcasewithoutFramework -->
