<?xml version="1.0" encoding="UTF-8"?>
<!-- Generated by org.testng.reporters.JUnitReportReporter -->
<testsuite skipped="0" hostname="W7P-QAT-SUN" name="com.learnautomation.testcases.LoginTestCRM" tests="1" failures="0" timestamp="24 May 2021 09:57:25 GMT" time="2.959" errors="0">
  <testcase name="loginApp" time="2.959" classname="com.learnautomation.testcases.LoginTestCRM"/>
</testsuite> <!-- com.learnautomation.testcases.LoginTestCRM -->
